SRR400260.6939	chr7	37681501.0	+	HIC_chr7_11005	37700000	chr7	40942397.0	+	HIC_chr7_12001	40940000	3260896.0	UNI
SRR400260.6940	chr18	38417864.0	-	HIC_chr18_11350	38420000	chr18	39094423.0	-	HIC_chr18_11605	39100000	676559.0	UNI
SRR400260.6942	chr18	38417864.0	-	HIC_chr18_11350	38420000	chr18	39094423.0	-	HIC_chr18_11605	39100000	676559.0	UNI
SRR400260.6944	chr7	37681501.0	+	HIC_chr7_11005	37700000	chr7	40942397.0	+	HIC_chr7_12001	40940000	3260896.0	UNI
SRR400260.6945	chr18	38417864.0	-	HIC_chr18_11350	38420000	chr18	39094423.0	-	HIC_chr18_11605	39100000	676559.0	UNI
SRR400260.6999	chr21	26414697.0	+	HIC_chr21_4161	26420000	chr7	43464922.0	+	HIC_chr7_12755	43460000	InterChrom	UNI
SRR400260.7052	chr11	93949980.0	-	HIC_chr11_27069	93940000	chr11	94487234.0	+	HIC_chr11_27235	94500000	537254.0	UNI
SRR400260.7074	chr4	65529922.0	-	HIC_chr4_18450	65540000	chr4	66536210.0	-	HIC_chr4_18774	66540000	1006288.0	UNI
SRR400260.7077	chr4	65529922.0	-	HIC_chr4_18450	65540000	chr4	66536210.0	-	HIC_chr4_18774	66540000	1006288.0	UNI
SRR400260.7376	chr10	106301492.0	-	HIC_chr10_29778	106300000	chr17	58219856.0	-	HIC_chr17_14155	58220000	InterChrom	UNI
SRR400260.7378	chr13	99503942.0	+	HIC_chr13_25373	99500000	chr4	148603314.0	+	HIC_chr4_45337	148620000	InterChrom	UNI
SRR400260.7407	chr14	88154952.0	+	HIC_chr14_21328	88140000	chr14	93399436.0	+	HIC_chr14_22662	93380000	5244484.0	UNI
SRR400260.7439	chrX	107963253.0	+	HIC_chrX_31077	107980000	chrX	108021194.0	+	HIC_chrX_31096	108020000	57941.0	UNI
SRR400260.7518	chr19	33140004.0	-	HIC_chr19_5307	33140000	chr19	59160702.0	+	HIC_chr19_10664	59180000	26020698.0	UNI
SRR400260.7642	chr2	5566557.0	+	HIC_chr2_1513	5580000	chr2	98417464.0	+	HIC_chr2_27605	98420000	92850907.0	UNI
SRR400260.7824	chr5	66469291.0	+	HIC_chr5_20198	66460000	chr5	67639727.0	+	HIC_chr5_20578	67620000	1170436.0	UNI
SRR400260.7866	chr14	95656757.0	+	HIC_chr14_23271	95660000	chr6	12512065.0	+	HIC_chr6_3696	12500000	InterChrom	UNI
SRR400260.7892	chr15	29662430.0	+	HIC_chr15_2743	29660000	chr15	34017367.0	-	HIC_chr15_4098	34020000	4354937.0	UNI
SRR400260.7942	chr11	71337091.0	+	HIC_chr11_20242	71340000	chr12	125324297.0	-	HIC_chr12_37246	125340000	InterChrom	UNI
SRR400260.7944	chr18	2581158.0	+	HIC_chr18_773	2580000	chr18	2690932.0	-	HIC_chr18_806	2700000	109774.0	UNI
SRR400260.8014	chr5	129995778.0	+	HIC_chr5_40443	129980000	chr5	170729214.0	-	HIC_chr5_52607	170740000	40733436.0	UNI
SRR400260.8015	chr5	129995778.0	+	HIC_chr5_40443	129980000	chr5	170729214.0	-	HIC_chr5_52607	170740000	40733436.0	UNI
SRR400260.8061	chr17	62635268.0	-	HIC_chr17_15341	62620000	chr17	64441296.0	+	HIC_chr17_15792	64460000	1806028.0	UNI
SRR400260.8126	chr15	45412027.0	-	HIC_chr15_7346	45420000	chr5	75350339.0	+	HIC_chr5_22904	75340000	InterChrom	UNI
SRR400260.8193	chr10	62965276.0	+	HIC_chr10_17438	62980000	chr16	78844216.0	+	HIC_chr16_17696	78860000	InterChrom	UNI
SRR400260.8194	chr18	66534312.0	+	HIC_chr18_20028	66540000	chr6	105791502.0	-	HIC_chr6_31195	105780000	InterChrom	UNI
SRR400260.8241	chr22	15022352.0	+	HIC_chr22_152	15020000	chr22	15480770.0	+	HIC_chr22_243	15500000	458418.0	UNI
SRR400260.8245	chr5	54432484.0	-	HIC_chr5_16323	54420000	chr5	92807668.0	+	HIC_chr5_28477	92820000	38375184.0	UNI
SRR400260.8266	chr4	155809903.0	+	HIC_chr4_47579	155820000	chr6	91118641.0	+	HIC_chr6_26483	91100000	InterChrom	UNI
SRR400260.8360	chr21	40391957.0	+	HIC_chr21_8383	40380000	chr4	3155063.0	+	HIC_chr4_585	3140000	InterChrom	UNI
SRR400260.8361	chr13	66510938.0	+	HIC_chr13_15097	66500000	chr13	95250957.0	-	HIC_chr13_24157	95260000	28740019.0	UNI
SRR400260.8465	chr4	93545302.0	+	HIC_chr4_27421	93540000	chr4	176806095.0	+	HIC_chr4_54383	176820000	83260793.0	UNI
SRR400260.8479	chr12	46413093.0	-	HIC_chr12_14306	46420000	chr4	66737075.0	-	HIC_chr4_18825	66740000	InterChrom	UNI
SRR400260.8480	chr12	46413093.0	-	HIC_chr12_14306	46420000	chr4	66737075.0	-	HIC_chr4_18825	66740000	InterChrom	UNI
SRR400260.8516	chr11	62017621.0	-	HIC_chr11_18374	62020000	chr19	39319609.0	+	HIC_chr19_6917	39300000	InterChrom	UNI
SRR400260.8538	chr12	11634349.0	+	HIC_chr12_3213	11620000	chr12	12968430.0	+	HIC_chr12_3573	12980000	1334081.0	UNI
SRR400260.8579	chr4	154069290.0	+	HIC_chr4_47026	154060000	chr8	73258473.0	+	HIC_chr8_20986	73260000	InterChrom	UNI
SRR400260.8596	chr3	194880832.0	-	HIC_chr3_58446	194900000	chr3	194928551.0	+	HIC_chr3_58461	194940000	47719.0	UNI
SRR400260.8712	chr6	155276556.0	+	HIC_chr6_46752	155260000	chr6	155348703.0	+	HIC_chr6_46767	155340000	72147.0	UNI
SRR400260.8714	chr13	45036628.0	-	HIC_chr13_8271	45020000	chr13	45758959.0	+	HIC_chr13_8513	45740000	722331.0	UNI
SRR400260.8775	chr10	75843541.0	-	HIC_chr10_21028	75860000	chr10	76325423.0	+	HIC_chr10_21142	76340000	481882.0	UNI